<?xml version="1.0" encoding="UTF-8"?>
<testsuite xmlns:xsi="http://www.w3.org/2001/XMLSchema-instance" xsi:noNamespaceSchemaLocation="https://maven.apache.org/surefire/maven-surefire-plugin/xsd/surefire-test-report-3.0.xsd" version="3.0" name="com.examshield.backend.ExamIntegrationTest" time="10.435" tests="5" errors="0" skipped="0" failures="0">
  <properties>
[...]
</properties>
  <testcase name="testWebSocketSubscriptionOwnershipGuard" classname="com.examshield.backend.ExamIntegrationTest" time="0.201">
    <system-out><![CDATA[14:11:43.669 [main] INFO org.springframework.boot.test.context.SpringBootTestContextBootstrapper -- Found @SpringBootConfiguration com.examshield.backend.BackendApplication for test class com.examshield.backend.ExamIntegrationTest

  .   ____          _            __ _ _
 /\\ / ___'_ __ _ _(_)_ __  __ _ \ \ \ \
( ( )\___ | '_ | '_| | '_ \/ _` | \ \ \ \
 \\/  ___)| |_)| | | | | || (_| |  ) ) ) )
  '  |____| .__|_| |_|_| |_\__, | / / / /
 =========|_|==============|___/=/_/_/_/

 :: Spring Boot ::                (v3.3.1)

2026-06-30T14:11:44.129+05:30  INFO 17900 --- [examshield] [           main] c.e.backend.ExamIntegrationTest          : Starting ExamIntegrationTest using Java 26.0.1 with PID 17900 (started by nirav in C:\Users\nirav\Desktop\ExamShield\backend)
2026-06-30T14:11:44.130+05:30 DEBUG 17900 --- [examshield] [           main] c.e.backend.ExamIntegrationTest          : Running with Spring Boot v3.3.1, Spring v6.1.10
2026-06-30T14:11:44.131+05:30  INFO 17900 --- [examshield] [           main] c.e.backend.ExamIntegrationTest          : The following 1 profile is active: "test"
2026-06-30T14:11:44.977+05:30  INFO 17900 --- [examshield] [           main] .s.d.r.c.RepositoryConfigurationDelegate : Multiple Spring Data modules found, entering strict repository configuration mode
2026-06-30T14:11:44.979+05:30  INFO 17900 --- [examshield] [           main] .s.d.r.c.RepositoryConfigurationDelegate : Bootstrapping Spring Data JPA repositories in DEFAULT mode.
2026-06-30T14:11:45.160+05:30  INFO 17900 --- [examshield] [           main] .s.d.r.c.RepositoryConfigurationDelegate : Finished Spring Data repository scanning in 173 ms. Found 10 JPA repository interfaces.
2026-06-30T14:11:47.382+05:30  INFO 17900 --- [examshield] [           main] o.hibernate.jpa.internal.util.LogHelper  : HHH000204: Processing PersistenceUnitInfo [name: default]
2026-06-30T14:11:47.486+05:30  INFO 17900 --- [examshield] [           main] org.hibernate.Version                    : HHH000412: Hibernate ORM core version 6.5.2.Final
2026-06-30T14:11:47.545+05:30  INFO 17900 --- [examshield] [           main] o.h.c.internal.RegionFactoryInitiator    : HHH000026: Second-level cache disabled
2026-06-30T14:11:47.708+05:30  INFO 17900 --- [examshield] [           main] o.s.o.j.p.SpringPersistenceUnitInfo      : No LoadTimeWeaver setup: ignoring JPA class transformer
2026-06-30T14:11:47.759+05:30  INFO 17900 --- [examshield] [           main] com.zaxxer.hikari.HikariDataSource       : HikariPool-1 - Starting...
2026-06-30T14:11:47.964+05:30  INFO 17900 --- [examshield] [           main] com.zaxxer.hikari.pool.HikariPool        : HikariPool-1 - Added connection conn0: url=jdbc:h2:mem:testdb user=POSTGRES
2026-06-30T14:11:47.966+05:30  INFO 17900 --- [examshield] [           main] com.zaxxer.hikari.HikariDataSource       : HikariPool-1 - Start completed.
2026-06-30T14:11:47.991+05:30  WARN 17900 --- [examshield] [           main] org.hibernate.orm.deprecation            : HHH90000025: H2Dialect does not need to be specified explicitly using 'hibernate.dialect' (remove the property setting and it will be selected by default)
2026-06-30T14:11:49.391+05:30  INFO 17900 --- [examshield] [           main] o.h.e.t.j.p.i.JtaPlatformInitiator       : HHH000489: No JTA platform available (set 'hibernate.transaction.jta.platform' to enable JTA platform integration)
2026-06-30T14:11:49.492+05:30  INFO 17900 --- [examshield] [           main] j.LocalContainerEntityManagerFactoryBean : Initialized JPA EntityManagerFactory for persistence unit 'default'
2026-06-30T14:11:50.392+05:30  INFO 17900 --- [examshield] [           main] o.s.d.j.r.query.QueryEnhancerFactory     : Hibernate is in classpath; If applicable, HQL parser will be used.
2026-06-30T14:11:51.658+05:30  WARN 17900 --- [examshield] [           main] JpaBaseConfiguration$JpaWebConfiguration : spring.jpa.open-in-view is enabled by default. Therefore, database queries may be performed during view rendering. Explicitly configure spring.jpa.open-in-view to disable this warning
2026-06-30T14:11:52.741+05:30  INFO 17900 --- [examshield] [           main] o.s.m.s.b.SimpleBrokerMessageHandler     : Starting...
2026-06-30T14:11:52.742+05:30  INFO 17900 --- [examshield] [           main] o.s.m.s.b.SimpleBrokerMessageHandler     : BrokerAvailabilityEvent[available=true, SimpleBrokerMessageHandler [org.springframework.messaging.simp.broker.DefaultSubscriptionRegistry@9e3c653]]
2026-06-30T14:11:52.743+05:30  INFO 17900 --- [examshield] [           main] o.s.m.s.b.SimpleBrokerMessageHandler     : Started.
2026-06-30T14:11:52.769+05:30  INFO 17900 --- [examshield] [           main] c.e.backend.ExamIntegrationTest          : Started ExamIntegrationTest in 8.951 seconds (process running for 10.074)
]]></system-out>
    <system-err><![CDATA[WARNING: A Java agent has been loaded dynamically (C:\Users\nirav\.m2\repository\net\bytebuddy\byte-buddy-agent\1.14.17\byte-buddy-agent-1.14.17.jar)
WARNING: If a serviceability tool is in use, please run with -XX:+EnableDynamicAgentLoading to hide this warning
WARNING: If a serviceability tool is not in use, please run with -Djdk.instrument.traceUsage for more information
WARNING: Dynamic loading of agents will be disallowed by default in a future release
]]></system-err>
  </testcase>
  <testcase name="testExcelBulkUploadValidation" classname="com.examshield.backend.ExamIntegrationTest" time="0.653"/>
  <testcase name="testFullExamStartFlow" classname="com.examshield.backend.ExamIntegrationTest" time="0.167"/>
  <testcase name="testExamPublishLockThrowsException" classname="com.examshield.backend.ExamIntegrationTest" time="0.021"/>
  <testcase name="testWebSocketCsrfHandshakeInterceptorAndConnectGuard" classname="com.examshield.backend.ExamIntegrationTest" time="0.009"/>
</testsuite>